--- Copying files at Tue Sep 20 01:02:22 UTC 2016
INSTALLED init.groovy.d/tcp-slave-agent-port.groovy
--- Copying files at Tue Sep 20 01:49:28 UTC 2016
--- Copying files at Tue Sep 20 01:50:48 UTC 2016
--- Copying files at Sun Oct  2 02:03:43 UTC 2016
--- Copying files at Sun Oct  2 17:49:51 UTC 2016
--- Copying files at Sun Oct  2 17:50:43 UTC 2016
--- Copying files at Sun Oct  2 17:59:39 UTC 2016
--- Copying files at Sun Oct  2 19:27:58 UTC 2016
--- Copying files at Sun Oct  2 19:28:12 UTC 2016
--- Copying files at Sun Oct  2 20:15:31 UTC 2016
--- Copying files at Sun Oct  2 20:58:18 UTC 2016
--- Copying files at Sun Oct  2 20:58:41 UTC 2016
--- Copying files at Sun Oct  2 21:15:19 UTC 2016
--- Copying files at Sun Oct  2 21:52:29 UTC 2016
--- Copying files at Mon Oct  3 04:09:18 UTC 2016
--- Copying files at Mon Oct  3 04:10:04 UTC 2016
--- Copying files at Mon Oct  3 04:17:07 UTC 2016
--- Copying files at Mon Oct  3 04:18:38 UTC 2016
--- Copying files at Mon Oct  3 04:21:17 UTC 2016
--- Copying files at Mon Oct  3 04:30:14 UTC 2016
--- Copying files at Mon Oct  3 05:01:38 UTC 2016
--- Copying files at Mon Oct  3 05:02:43 UTC 2016
--- Copying files at Mon Oct  3 05:18:21 UTC 2016
--- Copying files at Mon Oct  3 05:18:29 UTC 2016
--- Copying files at Mon Oct  3 05:24:05 UTC 2016
--- Copying files at Mon Oct  3 05:25:24 UTC 2016
--- Copying files at Mon Oct  3 05:26:58 UTC 2016
--- Copying files at Mon Oct  3 05:29:13 UTC 2016
--- Copying files at Mon Oct  3 05:57:38 UTC 2016
--- Copying files at Mon Oct  3 05:59:42 UTC 2016
--- Copying files at Sun Oct  9 21:32:55 UTC 2016
--- Copying files at Mon Oct 10 07:29:58 UTC 2016
--- Copying files at Mon Oct 10 07:31:57 UTC 2016
